<?xml version="1.0" encoding="UTF-8"?>
<!-- Generated by org.testng.reporters.JUnitReportReporter -->
<testsuite hostname="sodsegxy" failures="0" tests="1" name="testCases.Infinite_Scrolling" time="11.160" errors="0" timestamp="01 Nov 2019 03:11:25 GMT" skipped="0">
  <testcase classname="testCases.Infinite_Scrolling" name="scroll" time="11.160"/>
</testsuite> <!-- testCases.Infinite_Scrolling -->
