<?xml version="1.0" encoding="UTF-8"?>
<!-- Generated by org.testng.reporters.JUnitReportReporter -->
<testsuite hostname="sodsegxy" failures="0" tests="1" name="testCases.Key_Presses_on_Menu" time="6.598" errors="0" timestamp="01 Nov 2019 03:14:14 GMT" skipped="0">
  <testcase classname="testCases.Key_Presses_on_Menu" name="scroll" time="6.598"/>
</testsuite> <!-- testCases.Key_Presses_on_Menu -->
