<?xml version="1.0" encoding="UTF-8"?>
<!-- Generated by org.testng.reporters.JUnitReportReporter -->
<testsuite hostname="sodsegxy" failures="0" tests="3" name="testCases.Form_Authentication" time="45.204" errors="0" timestamp="01 Nov 2019 03:10:18 GMT" skipped="0">
  <testcase classname="testCases.Form_Authentication" name="scenario1" time="23.205"/>
  <testcase classname="testCases.Form_Authentication" name="scenario2" time="15.479"/>
  <testcase classname="testCases.Form_Authentication" name="scenario3" time="6.520"/>
</testsuite> <!-- testCases.Form_Authentication -->
